<!-- =================================================================================
     This script tests the distribution file. It unzips the distro to a temporary
     location and runs the quickstarts.
 -->
<project basedir="../../.." default="testDistro" name="build-sample">

    <!-- ===========================================================  -->
    <!-- Setup environment
    -->
    <target name="init">
        <xmlproperty file="${basedir}/pom.xml"/>
        
        <!-- Temporary location  -->
        <property name="test.dir" value="target/test-distro" />
        <!-- Source XML schema location  -->
        <property name="xsd.dir" value="schema" />
        <!-- Distribution name  -->
        <property name="dist.name" value="${project.artifactId}-${project.parent.version}" />
        <!-- Distribution zip file  -->
        <property name="dist.zip" value="${dist.name}-bin.zip" />
        <!-- Distribution file location   -->
        <property name="dist.dir" value="${basedir}/target" />
        <!-- Distribution zip file   -->
        <property name="zip.file" value="${dist.dir}/${dist.zip}" />
        <!-- Whether to fork the java compiler or not   -->
        <property name="javac.fork" value="yes" />
        <!-- Distribution samples location   -->
        <property name="sample1.dir" value="${test.dir}/${dist.name}/samples/quickstarts/adapter_lsfileae" />
        <property name="sample2.dir" value="${test.dir}/${dist.name}/samples/quickstarts/proxy_pojo_jvmquery" />
        <property name="sample3.dir" value="${test.dir}/${dist.name}/samples/quickstarts/proxy_ws_cultureinfo" />
    
    </target>

    <!-- ===========================================================  -->
    <!-- Build the sample
    -->
    <target name="testDistro" depends="init">
        <unzip src="${zip.file}" dest="${test.dir}"/>
        
        <!-- Lsfileae sample. -->      
        <ant antfile="build-coxb.xml" dir="${sample1.dir}"/>
        
        <!-- Jvmquery sample. -->      
        <ant antfile="build-coxb.xml" dir="${sample2.dir}"/>
        
        <!-- Cultureinfo sample. -->      
        <ant antfile="build-coxb.xml" dir="${sample3.dir}"/>
        
    </target>
  
</project>
