<project default="runtest" basedir=".">

     <property environment="env"/>
     <property name="jmeter.home" value="${env.JMETER_HOME}" />

     <!-- Classpath setting -->
     <path id="classpath">
         <fileset dir="${jmeter.home}" includes="lib/*.jar" />
         <fileset dir="${jmeter.home}" includes="lib/junit/*.jar" />
     </path>

    <!-- ===========================================================  -->
    <!-- Run junit test
    -->
    <target name="runtest">
        <junit printsummary="yes" fork="yes" haltonfailure="yes">
            <formatter type="plain"/>
            <test name="com.legstar.coxb.transform.MeteringTest"/>
            <classpath>
                <path refid="classpath"/>
            </classpath>
        </junit>
    </target>  

</project>